2025-09-28 14:48:29 INFO  com.chatbot.ChatbotApplication - Starting ChatbotApplication v0.0.1-SNAPSHOT using Java 17 with PID 20088 (D:\java\Interview\pidima\chatbot\target\chatbot-0.0.1-SNAPSHOT.jar started by Lenovo in D:\java\Interview\pidima\chatbot)
2025-09-28 14:48:29 INFO  com.chatbot.ChatbotApplication - The following 1 profile is active: "prod"
2025-09-28 14:48:31 INFO  o.s.d.r.c.RepositoryConfigurationDelegate - Bootstrapping Spring Data JPA repositories in DEFAULT mode.
2025-09-28 14:48:31 INFO  o.s.d.r.c.RepositoryConfigurationDelegate - Finished Spring Data repository scanning in 52 ms. Found 2 JPA repository interfaces.
2025-09-28 14:48:32 INFO  o.s.b.w.e.tomcat.TomcatWebServer - Tomcat initialized with port 8080 (http)
2025-09-28 14:48:32 INFO  o.a.catalina.core.StandardService - Starting service [Tomcat]
2025-09-28 14:48:32 INFO  o.a.catalina.core.StandardEngine - Starting Servlet engine: [Apache Tomcat/10.1.31]
2025-09-28 14:48:33 INFO  o.a.c.c.C.[Tomcat].[localhost].[/] - Initializing Spring embedded WebApplicationContext
2025-09-28 14:48:33 INFO  o.s.b.w.s.c.ServletWebServerApplicationContext - Root WebApplicationContext: initialization completed in 3383 ms
2025-09-28 14:48:33 INFO  o.h.jpa.internal.util.LogHelper - HHH000204: Processing PersistenceUnitInfo [name: default]
2025-09-28 14:48:33 INFO  org.hibernate.Version - HHH000412: Hibernate ORM core version 6.5.3.Final
2025-09-28 14:48:33 INFO  o.h.c.i.RegionFactoryInitiator - HHH000026: Second-level cache disabled
2025-09-28 14:48:34 INFO  o.s.o.j.p.SpringPersistenceUnitInfo - No LoadTimeWeaver setup: ignoring JPA class transformer
2025-09-28 14:48:34 INFO  com.zaxxer.hikari.HikariDataSource - HikariPool-1 - Starting...
2025-09-28 14:48:35 WARN  o.h.e.jdbc.spi.SqlExceptionHelper - SQL Error: 0, SQLState: 28P01
2025-09-28 14:48:35 ERROR o.h.e.jdbc.spi.SqlExceptionHelper - FATAL: password authentication failed for user "admin"
2025-09-28 14:48:35 WARN  o.h.e.j.e.i.JdbcEnvironmentInitiator - HHH000342: Could not obtain connection to query metadata
org.hibernate.exception.GenericJDBCException: unable to obtain isolated JDBC connection [FATAL: password authentication failed for user "admin"] [n/a]
	at org.hibernate.exception.internal.StandardSQLExceptionConverter.convert(StandardSQLExceptionConverter.java:63)
	at org.hibernate.engine.jdbc.spi.SqlExceptionHelper.convert(SqlExceptionHelper.java:108)
	at org.hibernate.engine.jdbc.spi.SqlExceptionHelper.convert(SqlExceptionHelper.java:94)
	at org.hibernate.resource.transaction.backend.jdbc.internal.JdbcIsolationDelegate.delegateWork(JdbcIsolationDelegate.java:116)
	at org.hibernate.engine.jdbc.env.internal.JdbcEnvironmentInitiator.getJdbcEnvironmentUsingJdbcMetadata(JdbcEnvironmentInitiator.java:292)
	at org.hibernate.engine.jdbc.env.internal.JdbcEnvironmentInitiator.initiateService(JdbcEnvironmentInitiator.java:124)
	at org.hibernate.engine.jdbc.env.internal.JdbcEnvironmentInitiator.initiateService(JdbcEnvironmentInitiator.java:78)
	at org.hibernate.boot.registry.internal.StandardServiceRegistryImpl.initiateService(StandardServiceRegistryImpl.java:130)
	at org.hibernate.service.internal.AbstractServiceRegistryImpl.createService(AbstractServiceRegistryImpl.java:263)
	at org.hibernate.service.internal.AbstractServiceRegistryImpl.initializeService(AbstractServiceRegistryImpl.java:238)
	at org.hibernate.service.internal.AbstractServiceRegistryImpl.getService(AbstractServiceRegistryImpl.java:215)
	at org.hibernate.boot.model.relational.Database.<init>(Database.java:45)
	at org.hibernate.boot.internal.InFlightMetadataCollectorImpl.getDatabase(InFlightMetadataCollectorImpl.java:221)
	at org.hibernate.boot.internal.InFlightMetadataCollectorImpl.<init>(InFlightMetadataCollectorImpl.java:189)
	at org.hibernate.boot.model.process.spi.MetadataBuildingProcess.complete(MetadataBuildingProcess.java:171)
	at org.hibernate.jpa.boot.internal.EntityManagerFactoryBuilderImpl.metadata(EntityManagerFactoryBuilderImpl.java:1431)
	at org.hibernate.jpa.boot.internal.EntityManagerFactoryBuilderImpl.build(EntityManagerFactoryBuilderImpl.java:1502)
	at org.springframework.orm.jpa.vendor.SpringHibernateJpaPersistenceProvider.createContainerEntityManagerFactory(SpringHibernateJpaPersistenceProvider.java:75)
	at org.springframework.orm.jpa.LocalContainerEntityManagerFactoryBean.createNativeEntityManagerFactory(LocalContainerEntityManagerFactoryBean.java:390)
	at org.springframework.orm.jpa.AbstractEntityManagerFactoryBean.buildNativeEntityManagerFactory(AbstractEntityManagerFactoryBean.java:409)
	at org.springframework.orm.jpa.AbstractEntityManagerFactoryBean.afterPropertiesSet(AbstractEntityManagerFactoryBean.java:396)
	at org.springframework.orm.jpa.LocalContainerEntityManagerFactoryBean.afterPropertiesSet(LocalContainerEntityManagerFactoryBean.java:366)
	at org.springframework.beans.factory.support.AbstractAutowireCapableBeanFactory.invokeInitMethods(AbstractAutowireCapableBeanFactory.java:1853)
	at org.springframework.beans.factory.support.AbstractAutowireCapableBeanFactory.initializeBean(AbstractAutowireCapableBeanFactory.java:1802)
	at org.springframework.beans.factory.support.AbstractAutowireCapableBeanFactory.doCreateBean(AbstractAutowireCapableBeanFactory.java:600)
	at org.springframework.beans.factory.support.AbstractAutowireCapableBeanFactory.createBean(AbstractAutowireCapableBeanFactory.java:522)
	at org.springframework.beans.factory.support.AbstractBeanFactory.lambda$doGetBean$0(AbstractBeanFactory.java:337)
	at org.springframework.beans.factory.support.DefaultSingletonBeanRegistry.getSingleton(DefaultSingletonBeanRegistry.java:234)
	at org.springframework.beans.factory.support.AbstractBeanFactory.doGetBean(AbstractBeanFactory.java:335)
	at org.springframework.beans.factory.support.AbstractBeanFactory.getBean(AbstractBeanFactory.java:205)
	at org.springframework.context.support.AbstractApplicationContext.finishBeanFactoryInitialization(AbstractApplicationContext.java:954)
	at org.springframework.context.support.AbstractApplicationContext.refresh(AbstractApplicationContext.java:625)
	at org.springframework.boot.web.servlet.context.ServletWebServerApplicationContext.refresh(ServletWebServerApplicationContext.java:146)
	at org.springframework.boot.SpringApplication.refresh(SpringApplication.java:754)
	at org.springframework.boot.SpringApplication.refreshContext(SpringApplication.java:456)
	at org.springframework.boot.SpringApplication.run(SpringApplication.java:335)
	at org.springframework.boot.SpringApplication.run(SpringApplication.java:1363)
	at org.springframework.boot.SpringApplication.run(SpringApplication.java:1352)
	at com.chatbot.ChatbotApplication.main(ChatbotApplication.java:16)
	at java.base/jdk.internal.reflect.NativeMethodAccessorImpl.invoke0(Native Method)
	at java.base/jdk.internal.reflect.NativeMethodAccessorImpl.invoke(NativeMethodAccessorImpl.java:77)
	at java.base/jdk.internal.reflect.DelegatingMethodAccessorImpl.invoke(DelegatingMethodAccessorImpl.java:43)
	at java.base/java.lang.reflect.Method.invoke(Method.java:568)
	at org.springframework.boot.loader.launch.Launcher.launch(Launcher.java:102)
	at org.springframework.boot.loader.launch.Launcher.launch(Launcher.java:64)
	at org.springframework.boot.loader.launch.JarLauncher.main(JarLauncher.java:40)
Caused by: org.postgresql.util.PSQLException: FATAL: password authentication failed for user "admin"
	at org.postgresql.core.v3.ConnectionFactoryImpl.doAuthentication(ConnectionFactoryImpl.java:711)
	at org.postgresql.core.v3.ConnectionFactoryImpl.tryConnect(ConnectionFactoryImpl.java:213)
	at org.postgresql.core.v3.ConnectionFactoryImpl.openConnectionImpl(ConnectionFactoryImpl.java:268)
	at org.postgresql.core.ConnectionFactory.openConnection(ConnectionFactory.java:54)
	at org.postgresql.jdbc.PgConnection.<init>(PgConnection.java:273)
	at org.postgresql.Driver.makeConnection(Driver.java:446)
	at org.postgresql.Driver.connect(Driver.java:298)
	at com.zaxxer.hikari.util.DriverDataSource.getConnection(DriverDataSource.java:137)
	at com.zaxxer.hikari.pool.PoolBase.newConnection(PoolBase.java:360)
	at com.zaxxer.hikari.pool.PoolBase.newPoolEntry(PoolBase.java:202)
	at com.zaxxer.hikari.pool.HikariPool.createPoolEntry(HikariPool.java:461)
	at com.zaxxer.hikari.pool.HikariPool.checkFailFast(HikariPool.java:550)
	at com.zaxxer.hikari.pool.HikariPool.<init>(HikariPool.java:98)
	at com.zaxxer.hikari.HikariDataSource.getConnection(HikariDataSource.java:111)
	at org.hibernate.engine.jdbc.connections.internal.DatasourceConnectionProviderImpl.getConnection(DatasourceConnectionProviderImpl.java:122)
	at org.hibernate.engine.jdbc.env.internal.JdbcEnvironmentInitiator$ConnectionProviderJdbcConnectionAccess.obtainConnection(JdbcEnvironmentInitiator.java:439)
	at org.hibernate.resource.transaction.backend.jdbc.internal.JdbcIsolationDelegate.delegateWork(JdbcIsolationDelegate.java:61)
	... 42 common frames omitted
2025-09-28 14:48:35 WARN  org.hibernate.orm.deprecation - HHH90000025: PostgreSQLDialect does not need to be specified explicitly using 'hibernate.dialect' (remove the property setting and it will be selected by default)
2025-09-28 14:48:36 INFO  o.h.e.t.j.p.i.JtaPlatformInitiator - HHH000489: No JTA platform available (set 'hibernate.transaction.jta.platform' to enable JTA platform integration)
2025-09-28 14:48:36 INFO  com.zaxxer.hikari.HikariDataSource - HikariPool-1 - Starting...
2025-09-28 14:48:37 WARN  o.h.e.jdbc.spi.SqlExceptionHelper - SQL Error: 0, SQLState: 28P01
2025-09-28 14:48:37 ERROR o.h.e.jdbc.spi.SqlExceptionHelper - FATAL: password authentication failed for user "admin"
2025-09-28 14:48:37 ERROR o.s.o.j.LocalContainerEntityManagerFactoryBean - Failed to initialize JPA EntityManagerFactory: [PersistenceUnit: default] Unable to build Hibernate SessionFactory; nested exception is org.hibernate.exception.GenericJDBCException: Unable to open JDBC Connection for DDL execution [FATAL: password authentication failed for user "admin"] [n/a]
2025-09-28 14:48:37 WARN  o.s.b.w.s.c.AnnotationConfigServletWebServerApplicationContext - Exception encountered during context initialization - cancelling refresh attempt: org.springframework.beans.factory.BeanCreationException: Error creating bean with name 'entityManagerFactory' defined in class path resource [org/springframework/boot/autoconfigure/orm/jpa/HibernateJpaConfiguration.class]: [PersistenceUnit: default] Unable to build Hibernate SessionFactory; nested exception is org.hibernate.exception.GenericJDBCException: Unable to open JDBC Connection for DDL execution [FATAL: password authentication failed for user "admin"] [n/a]
2025-09-28 14:48:37 INFO  o.a.catalina.core.StandardService - Stopping service [Tomcat]
2025-09-28 14:48:37 INFO  o.s.b.a.l.ConditionEvaluationReportLogger - 

Error starting ApplicationContext. To display the condition evaluation report re-run your application with 'debug' enabled.
2025-09-28 14:48:37 ERROR o.s.boot.SpringApplication - Application run failed
org.springframework.beans.factory.BeanCreationException: Error creating bean with name 'entityManagerFactory' defined in class path resource [org/springframework/boot/autoconfigure/orm/jpa/HibernateJpaConfiguration.class]: [PersistenceUnit: default] Unable to build Hibernate SessionFactory; nested exception is org.hibernate.exception.GenericJDBCException: Unable to open JDBC Connection for DDL execution [FATAL: password authentication failed for user "admin"] [n/a]
	at org.springframework.beans.factory.support.AbstractAutowireCapableBeanFactory.initializeBean(AbstractAutowireCapableBeanFactory.java:1806)
	at org.springframework.beans.factory.support.AbstractAutowireCapableBeanFactory.doCreateBean(AbstractAutowireCapableBeanFactory.java:600)
	at org.springframework.beans.factory.support.AbstractAutowireCapableBeanFactory.createBean(AbstractAutowireCapableBeanFactory.java:522)
	at org.springframework.beans.factory.support.AbstractBeanFactory.lambda$doGetBean$0(AbstractBeanFactory.java:337)
	at org.springframework.beans.factory.support.DefaultSingletonBeanRegistry.getSingleton(DefaultSingletonBeanRegistry.java:234)
	at org.springframework.beans.factory.support.AbstractBeanFactory.doGetBean(AbstractBeanFactory.java:335)
	at org.springframework.beans.factory.support.AbstractBeanFactory.getBean(AbstractBeanFactory.java:205)
	at org.springframework.context.support.AbstractApplicationContext.finishBeanFactoryInitialization(AbstractApplicationContext.java:954)
	at org.springframework.context.support.AbstractApplicationContext.refresh(AbstractApplicationContext.java:625)
	at org.springframework.boot.web.servlet.context.ServletWebServerApplicationContext.refresh(ServletWebServerApplicationContext.java:146)
	at org.springframework.boot.SpringApplication.refresh(SpringApplication.java:754)
	at org.springframework.boot.SpringApplication.refreshContext(SpringApplication.java:456)
	at org.springframework.boot.SpringApplication.run(SpringApplication.java:335)
	at org.springframework.boot.SpringApplication.run(SpringApplication.java:1363)
	at org.springframework.boot.SpringApplication.run(SpringApplication.java:1352)
	at com.chatbot.ChatbotApplication.main(ChatbotApplication.java:16)
	at java.base/jdk.internal.reflect.NativeMethodAccessorImpl.invoke0(Native Method)
	at java.base/jdk.internal.reflect.NativeMethodAccessorImpl.invoke(NativeMethodAccessorImpl.java:77)
	at java.base/jdk.internal.reflect.DelegatingMethodAccessorImpl.invoke(DelegatingMethodAccessorImpl.java:43)
	at java.base/java.lang.reflect.Method.invoke(Method.java:568)
	at org.springframework.boot.loader.launch.Launcher.launch(Launcher.java:102)
	at org.springframework.boot.loader.launch.Launcher.launch(Launcher.java:64)
	at org.springframework.boot.loader.launch.JarLauncher.main(JarLauncher.java:40)
Caused by: jakarta.persistence.PersistenceException: [PersistenceUnit: default] Unable to build Hibernate SessionFactory; nested exception is org.hibernate.exception.GenericJDBCException: Unable to open JDBC Connection for DDL execution [FATAL: password authentication failed for user "admin"] [n/a]
	at org.springframework.orm.jpa.AbstractEntityManagerFactoryBean.buildNativeEntityManagerFactory(AbstractEntityManagerFactoryBean.java:421)
	at org.springframework.orm.jpa.AbstractEntityManagerFactoryBean.afterPropertiesSet(AbstractEntityManagerFactoryBean.java:396)
	at org.springframework.orm.jpa.LocalContainerEntityManagerFactoryBean.afterPropertiesSet(LocalContainerEntityManagerFactoryBean.java:366)
	at org.springframework.beans.factory.support.AbstractAutowireCapableBeanFactory.invokeInitMethods(AbstractAutowireCapableBeanFactory.java:1853)
	at org.springframework.beans.factory.support.AbstractAutowireCapableBeanFactory.initializeBean(AbstractAutowireCapableBeanFactory.java:1802)
	... 22 common frames omitted
Caused by: org.hibernate.exception.GenericJDBCException: Unable to open JDBC Connection for DDL execution [FATAL: password authentication failed for user "admin"] [n/a]
	at org.hibernate.exception.internal.StandardSQLExceptionConverter.convert(StandardSQLExceptionConverter.java:63)
	at org.hibernate.engine.jdbc.spi.SqlExceptionHelper.convert(SqlExceptionHelper.java:108)
	at org.hibernate.engine.jdbc.spi.SqlExceptionHelper.convert(SqlExceptionHelper.java:94)
	at org.hibernate.resource.transaction.backend.jdbc.internal.DdlTransactionIsolatorNonJtaImpl.getIsolatedConnection(DdlTransactionIsolatorNonJtaImpl.java:74)
	at org.hibernate.resource.transaction.backend.jdbc.internal.DdlTransactionIsolatorNonJtaImpl.getIsolatedConnection(DdlTransactionIsolatorNonJtaImpl.java:39)
	at org.hibernate.tool.schema.internal.exec.ImprovedExtractionContextImpl.getJdbcConnection(ImprovedExtractionContextImpl.java:63)
	at org.hibernate.tool.schema.extract.spi.ExtractionContext.getQueryResults(ExtractionContext.java:43)
	at org.hibernate.tool.schema.extract.internal.SequenceInformationExtractorLegacyImpl.extractMetadata(SequenceInformationExtractorLegacyImpl.java:39)
	at org.hibernate.tool.schema.extract.internal.DatabaseInformationImpl.initializeSequences(DatabaseInformationImpl.java:66)
	at org.hibernate.tool.schema.extract.internal.DatabaseInformationImpl.<init>(DatabaseInformationImpl.java:60)
	at org.hibernate.tool.schema.internal.Helper.buildDatabaseInformation(Helper.java:185)
	at org.hibernate.tool.schema.internal.AbstractSchemaMigrator.doMigration(AbstractSchemaMigrator.java:100)
	at org.hibernate.tool.schema.spi.SchemaManagementToolCoordinator.performDatabaseAction(SchemaManagementToolCoordinator.java:280)
	at org.hibernate.tool.schema.spi.SchemaManagementToolCoordinator.lambda$process$5(SchemaManagementToolCoordinator.java:144)
	at java.base/java.util.HashMap.forEach(HashMap.java:1420)
	at org.hibernate.tool.schema.spi.SchemaManagementToolCoordinator.process(SchemaManagementToolCoordinator.java:141)
	at org.hibernate.boot.internal.SessionFactoryObserverForSchemaExport.sessionFactoryCreated(SessionFactoryObserverForSchemaExport.java:37)
	at org.hibernate.internal.SessionFactoryObserverChain.sessionFactoryCreated(SessionFactoryObserverChain.java:35)
	at org.hibernate.internal.SessionFactoryImpl.<init>(SessionFactoryImpl.java:322)
	at org.hibernate.boot.internal.SessionFactoryBuilderImpl.build(SessionFactoryBuilderImpl.java:457)
	at org.hibernate.jpa.boot.internal.EntityManagerFactoryBuilderImpl.build(EntityManagerFactoryBuilderImpl.java:1506)
	at org.springframework.orm.jpa.vendor.SpringHibernateJpaPersistenceProvider.createContainerEntityManagerFactory(SpringHibernateJpaPersistenceProvider.java:75)
	at org.springframework.orm.jpa.LocalContainerEntityManagerFactoryBean.createNativeEntityManagerFactory(LocalContainerEntityManagerFactoryBean.java:390)
	at org.springframework.orm.jpa.AbstractEntityManagerFactoryBean.buildNativeEntityManagerFactory(AbstractEntityManagerFactoryBean.java:409)
	... 26 common frames omitted
Caused by: org.postgresql.util.PSQLException: FATAL: password authentication failed for user "admin"
	at org.postgresql.core.v3.ConnectionFactoryImpl.doAuthentication(ConnectionFactoryImpl.java:711)
	at org.postgresql.core.v3.ConnectionFactoryImpl.tryConnect(ConnectionFactoryImpl.java:213)
	at org.postgresql.core.v3.ConnectionFactoryImpl.openConnectionImpl(ConnectionFactoryImpl.java:268)
	at org.postgresql.core.ConnectionFactory.openConnection(ConnectionFactory.java:54)
	at org.postgresql.jdbc.PgConnection.<init>(PgConnection.java:273)
	at org.postgresql.Driver.makeConnection(Driver.java:446)
	at org.postgresql.Driver.connect(Driver.java:298)
	at com.zaxxer.hikari.util.DriverDataSource.getConnection(DriverDataSource.java:137)
	at com.zaxxer.hikari.pool.PoolBase.newConnection(PoolBase.java:360)
	at com.zaxxer.hikari.pool.PoolBase.newPoolEntry(PoolBase.java:202)
	at com.zaxxer.hikari.pool.HikariPool.createPoolEntry(HikariPool.java:461)
	at com.zaxxer.hikari.pool.HikariPool.checkFailFast(HikariPool.java:550)
	at com.zaxxer.hikari.pool.HikariPool.<init>(HikariPool.java:98)
	at com.zaxxer.hikari.HikariDataSource.getConnection(HikariDataSource.java:111)
	at org.hibernate.engine.jdbc.connections.internal.DatasourceConnectionProviderImpl.getConnection(DatasourceConnectionProviderImpl.java:122)
	at org.hibernate.engine.jdbc.env.internal.JdbcEnvironmentInitiator$ConnectionProviderJdbcConnectionAccess.obtainConnection(JdbcEnvironmentInitiator.java:439)
	at org.hibernate.resource.transaction.backend.jdbc.internal.DdlTransactionIsolatorNonJtaImpl.getIsolatedConnection(DdlTransactionIsolatorNonJtaImpl.java:46)
	... 46 common frames omitted
2025-09-28 14:55:07 INFO  com.chatbot.ChatbotApplication - Starting ChatbotApplication v0.0.1-SNAPSHOT using Java 17 with PID 5796 (D:\java\Interview\pidima\chatbot\target\chatbot-0.0.1-SNAPSHOT.jar started by Lenovo in D:\java\Interview\pidima\chatbot)
2025-09-28 14:55:07 INFO  com.chatbot.ChatbotApplication - The following 1 profile is active: "prod"
2025-09-28 14:55:09 INFO  o.s.d.r.c.RepositoryConfigurationDelegate - Bootstrapping Spring Data JPA repositories in DEFAULT mode.
2025-09-28 14:55:09 INFO  o.s.d.r.c.RepositoryConfigurationDelegate - Finished Spring Data repository scanning in 59 ms. Found 2 JPA repository interfaces.
2025-09-28 14:55:10 INFO  o.s.b.w.e.tomcat.TomcatWebServer - Tomcat initialized with port 8080 (http)
2025-09-28 14:55:10 INFO  o.a.catalina.core.StandardService - Starting service [Tomcat]
2025-09-28 14:55:10 INFO  o.a.catalina.core.StandardEngine - Starting Servlet engine: [Apache Tomcat/10.1.31]
2025-09-28 14:55:10 INFO  o.a.c.c.C.[Tomcat].[localhost].[/] - Initializing Spring embedded WebApplicationContext
2025-09-28 14:55:10 INFO  o.s.b.w.s.c.ServletWebServerApplicationContext - Root WebApplicationContext: initialization completed in 2541 ms
2025-09-28 14:55:10 INFO  o.h.jpa.internal.util.LogHelper - HHH000204: Processing PersistenceUnitInfo [name: default]
2025-09-28 14:55:10 INFO  org.hibernate.Version - HHH000412: Hibernate ORM core version 6.5.3.Final
2025-09-28 14:55:10 INFO  o.h.c.i.RegionFactoryInitiator - HHH000026: Second-level cache disabled
2025-09-28 14:55:11 INFO  o.s.o.j.p.SpringPersistenceUnitInfo - No LoadTimeWeaver setup: ignoring JPA class transformer
2025-09-28 14:55:11 INFO  com.zaxxer.hikari.HikariDataSource - HikariPool-1 - Starting...
2025-09-28 14:55:11 INFO  com.zaxxer.hikari.pool.HikariPool - HikariPool-1 - Added connection org.postgresql.jdbc.PgConnection@4ce18cec
2025-09-28 14:55:11 INFO  com.zaxxer.hikari.HikariDataSource - HikariPool-1 - Start completed.
2025-09-28 14:55:11 WARN  org.hibernate.orm.deprecation - HHH90000025: PostgreSQLDialect does not need to be specified explicitly using 'hibernate.dialect' (remove the property setting and it will be selected by default)
2025-09-28 14:55:12 INFO  o.h.e.t.j.p.i.JtaPlatformInitiator - HHH000489: No JTA platform available (set 'hibernate.transaction.jta.platform' to enable JTA platform integration)
2025-09-28 14:55:13 INFO  o.s.o.j.LocalContainerEntityManagerFactoryBean - Initialized JPA EntityManagerFactory for persistence unit 'default'
2025-09-28 14:55:14 WARN  o.s.b.a.o.j.JpaBaseConfiguration$JpaWebConfiguration - spring.jpa.open-in-view is enabled by default. Therefore, database queries may be performed during view rendering. Explicitly configure spring.jpa.open-in-view to disable this warning
2025-09-28 14:55:14 WARN  o.s.b.a.s.s.UserDetailsServiceAutoConfiguration - 

Using generated security password: cd3329f2-7ded-46a2-a7e5-409d579c471f

This generated password is for development use only. Your security configuration must be updated before running your application in production.

2025-09-28 14:55:14 INFO  o.s.s.c.a.a.c.InitializeUserDetailsBeanManagerConfigurer$InitializeUserDetailsManagerConfigurer - Global AuthenticationManager configured with UserDetailsService bean with name inMemoryUserDetailsManager
2025-09-28 14:55:14 INFO  o.s.b.a.e.web.EndpointLinksResolver - Exposing 1 endpoint beneath base path '/actuator'
2025-09-28 14:55:15 INFO  o.s.b.w.e.tomcat.TomcatWebServer - Tomcat started on port 8080 (http) with context path '/'
2025-09-28 14:55:15 INFO  com.chatbot.ChatbotApplication - Started ChatbotApplication in 8.312 seconds (process running for 8.821)
2025-09-28 14:56:52 INFO  o.a.c.c.C.[Tomcat].[localhost].[/] - Initializing Spring DispatcherServlet 'dispatcherServlet'
2025-09-28 14:56:52 INFO  o.s.web.servlet.DispatcherServlet - Initializing Servlet 'dispatcherServlet'
2025-09-28 14:56:52 INFO  o.s.web.servlet.DispatcherServlet - Completed initialization in 1 ms
2025-09-28 14:56:53 INFO  o.s.api.AbstractOpenApiResource - Init duration for springdoc-openapi is: 536 ms
2025-09-28 14:57:33 INFO  com.chatbot.service.SessionService - Created new chat session with ID: 2f3fb20a-0a6e-4ef1-9e0e-cb5e81315519
2025-09-28 14:57:58 INFO  c.chatbot.service.ChatMessageService - Received message for sessionId=2f3fb20a-0a6e-4ef1-9e0e-cb5e81315519: Spring Data
2025-09-28 14:58:00 INFO  c.chatbot.service.ChatMessageService - Responded to sessionId=2f3fb20a-0a6e-4ef1-9e0e-cb5e81315519 with message: Spring Data ?? ???? ??? ?? ??? ??????? ???? ??????? ?????? ??????? ?? ????? ???????? ?????? ???????? ????????. ???? Spring Data ???????? ????? ???????? ??? ??????????? ???????? ?????? ???????? ???????? ?? ????? ??????? ???????? ??? ????? ???????? ???????? ?????????? ?????? ???????? ????????.

????? Spring Data ???? ????? ?? ????? ???????? ???? ????? ????????? ????? ??????. ????? ?????? ??? ??? ??????? Repository? ????? ???? ????? ????? ?????? ??????????? ?????? ????????.

????? Spring Data ?????? ?????? ?? ???????? ????????? ???? ???? ????? ?????? ?????? ???????? ?? ????? ????? ????? ???????? ?????? ???????. ????? Spring Data ????? ?? ???? ??? Spring ?????? ????? ????? ?????????? Java Persistence API (JPA) ?Hibernate ?????? ?? ???? ??????? ???????? ???? ????????. 
2025-09-28 14:58:07 INFO  c.chatbot.service.ChatMessageService - Received message for sessionId=2f3fb20a-0a6e-4ef1-9e0e-cb5e81315519: Spring JPA
2025-09-28 14:58:07 INFO  c.chatbot.service.ChatMessageService - Responded to sessionId=2f3fb20a-0a6e-4ef1-9e0e-cb5e81315519 with message: Spring JPA ?? ???? ??? ???? ?????? ????? ??????? ????? ??? ????? ???????? ???????? ???? ????????? ???????? ?????? ???? (Java Persistence API? ??????? ???????? ?? JPA). ???? Spring JPA ?????? ?? ??????? ???????? ?????? ????? ??????? ?? ???????? ???????? ?????????? ?? ????? ????????. ???? ???? ????? ?? ??? ??????? ???????? ?? Spring JPA:

1. ???????? ?????? ??? ???????? (DAO): ???? Spring JPA ?????? ??????? ?????? ???????? ?????? ??? ???????? (DAO)? ??? ?????? ????? ????????? ????????? ?????? ??? ???????? ???????? ?? ????? ????????. ???? ??? ???????? ????? ?????? CRUD (?????? ?????? ?????? ???) ?????? ???? ??? ??? ???? ??????? ?????? ????????.

2. ???????? ???????? ?????? JPA: ???? ?? Spring JPA ????? ???????? ???? ???? ????? ???????? ?????? ?? ???????? ?????? ????. ???? ?? ????? ???????? ??? ???? ?????? ???? ?????? ??????? ???????? ?? ????? ???????? ???????? JPA.

3. ????? ????? ????????: ???? Spring JPA ???? ????? ????? ???????? ?? ???? ??? XML ?? ?? ???? ??????? @Configuration ?? ??? ????. ???? ?? ??? ????? ???????? ??? ???????? ?????? ????? ?????? ?? ????? ?????? ?? ??????? ????? ????????.

4. ??????? ?? ????? ????????: ???? Spring JPA ?????? ????? ????????? ??????? ?? ????? ???????? ????????? ??? ?? ??? Hibernate? ??? ????? ???? ?? JPA. ???? ??????? ??? ???????? ?????? ?????? CRUD ??????? ??? ???????? ???? ????? ????.

5. ????????? ??????? ??????????: ???? Spring JPA ?????? ?????? ?? ????? ????????? ??? JPQL (Java Persistence Query Language) ? Criteria API. ???? ?? ??? ????? ????????? ????? ?????? ?????? ???????? ????? ??? ??????? ???????????? ?????????.

6. ????????? ?????? ???????: ???? Spring JPA ????? ??????? ?? ????????? ?????? ???????? ??? ????? ?? ???? ??????? ???????? ????? ??????? ???????? ??????? ??????? ??? ????? ????????.

??? ??? ???? ?? ????? ?????? ?? Spring JPA ?????? ????????? ????? ?????? ??????? ??????? ?? Spring ????????? ????????? ???????? ??????? ??? ???????? ?????? ??? ???????? ????????? ???????? ??. 
2025-09-28 14:58:12 INFO  c.chatbot.service.ChatMessageService - Received message for sessionId=2f3fb20a-0a6e-4ef1-9e0e-cb5e81315519: Spring REST
2025-09-28 14:58:12 INFO  c.chatbot.service.ChatMessageService - Responded to sessionId=2f3fb20a-0a6e-4ef1-9e0e-cb5e81315519 with message: ?????? (Spring) ?? ???? ??? ???? ????? ??????? ?????????? ????? ?? ???? ????? ??????? ????? ???????? ???????. ?? ???? ??????? "REST" ???? "REpresentational State Exchange" ??? ??? ?????? ??????? ???? ???? ?????? ?????? ????? ????????? (APIs) ???????? ?????.

?? ???? ??? ??????? ????? ??????? ????? ????? ????????? ?????? ?? (Spring MVC) ??????? ????? ????????? ????? RESTful ?????? ?????? ????? ??????? ????? ?????? ??????. ???? ???? ???? ??? ??????? ???????? ????? ????? REST ???????? ??????:

1. ????? ???????: ??? ??????? ???? ??????? ???? ??????? ??? ??????????? ????????? ????????? ???.
2. ????? ????? ????????: ?????? ?????? ????? ??? Hibernate ?? JPA ?????? ????? ???????? ????? ??? ??????? ???????.
3. ????? ???????: ?? ?????? ??????? ?????? ??? ????? Spring MVC ?????? ???????? ???????? ???????.
4. ????? ??????? (Services): ???? ??????? ???? ?????? ?? ???????? ???????? ????????? ??? ?????? ?????? ?????? ???? ???????.
5. ????? ?????????? (Tests): ?????? ?????? ???????? ??? JUnit ?Spring TestContext Framework ?????? ?? ?? ?????? ???? ??? ?? ?????.
6. ????? ????? ????? ????????? (API): ?????? Spring MVC ?????? ????? (Routes) ??????? ???????? ??????? ?????? ????????? ????????.
7. ??? ???????: ??? ???????? ??????? ?? ??? ???????? ????? ???? ??? ?????? ????????.

???? ?????? ?? ??? ??????? ????? ????? ???? ??? ????? ???????? ????? ???????? ??????. ?????? ???? ?????? ???? ?? ??????? ????????? ???? ?????? ??? ????? ????? ????? ??????? REST ?????? ??????. ??? ??? ????? ??? ???? ?? ???????? ?? ???????? ?? ????? ????? ????? ??????? ??????? ?????? ?????? ?????? ?? ????? ??? ??? ???????. 
2025-09-28 14:58:21 INFO  c.chatbot.service.ChatMessageService - Fetching chat messages for sessionId=2f3fb20a-0a6e-4ef1-9e0e-cb5e81315519 with Page=1 and size=10
2025-09-28 14:58:45 INFO  com.chatbot.service.SessionService - Change name of session: 2f3fb20a-0a6e-4ef1-9e0e-cb5e81315519 to be Spring Boot.
2025-09-28 14:59:01 INFO  com.chatbot.service.SessionService - Change the favorite flag of session: 2f3fb20a-0a6e-4ef1-9e0e-cb5e81315519 to be true.
2025-09-28 14:59:13 INFO  com.chatbot.service.SessionService - Change name of session: 2f3fb20a-0a6e-4ef1-9e0e-cb5e81315519 to be Spring Boot.
2025-09-28 14:59:14 INFO  com.chatbot.service.SessionService - Change name of session: 2f3fb20a-0a6e-4ef1-9e0e-cb5e81315519 to be Spring Boot.
2025-09-28 14:59:18 INFO  com.chatbot.service.SessionService - Change name of session: 2f3fb20a-0a6e-4ef1-9e0e-cb5e81315519 to be Spring Boot.
2025-09-28 14:59:19 INFO  com.chatbot.service.SessionService - Change name of session: 2f3fb20a-0a6e-4ef1-9e0e-cb5e81315519 to be Spring Boot.
2025-09-28 14:59:19 INFO  com.chatbot.service.SessionService - Change name of session: 2f3fb20a-0a6e-4ef1-9e0e-cb5e81315519 to be Spring Boot.
2025-09-28 14:59:20 INFO  com.chatbot.service.SessionService - Change name of session: 2f3fb20a-0a6e-4ef1-9e0e-cb5e81315519 to be Spring Boot.
2025-09-28 14:59:20 INFO  com.chatbot.service.SessionService - Change name of session: 2f3fb20a-0a6e-4ef1-9e0e-cb5e81315519 to be Spring Boot.
2025-09-28 14:59:21 INFO  com.chatbot.service.SessionService - Change name of session: 2f3fb20a-0a6e-4ef1-9e0e-cb5e81315519 to be Spring Boot.
2025-09-28 15:05:00 INFO  o.s.o.j.LocalContainerEntityManagerFactoryBean - Closing JPA EntityManagerFactory for persistence unit 'default'
2025-09-28 15:05:00 INFO  com.zaxxer.hikari.HikariDataSource - HikariPool-1 - Shutdown initiated...
2025-09-28 15:05:00 INFO  com.zaxxer.hikari.HikariDataSource - HikariPool-1 - Shutdown completed.
